[0.015s] Invoking command in '/home/suguta/naka2_ws/src/tb3_behavior_tree/build/tb3_behavior_tree': CMAKE_PREFIX_PATH=${CMAKE_PREFIX_PATH}:/home/suguta/naka2_ws/src/oakd_chan/install/oakd_chan:/home/suguta/naka2_ws/install/yolov8_ros:/home/suguta/naka2_ws/install/ros2_realsense_yolo:/home/suguta/turtlebot3_ws/install/turtlebot3_teleop:/home/suguta/turtlebot3_ws/install/turtlebot3_example:/opt/ros/humble /usr/bin/cmake /home/suguta/naka2_ws/src/tb3_behavior_tree -DCMAKE_INSTALL_PREFIX=/home/suguta/naka2_ws/src/tb3_behavior_tree/install/tb3_behavior_tree
[0.107s] -- The C compiler identification is GNU 11.4.0
[0.192s] -- The CXX compiler identification is GNU 11.4.0
[0.213s] -- Detecting C compiler ABI info
[0.313s] -- Detecting C compiler ABI info - done
[0.328s] -- Check for working C compiler: /usr/bin/cc - skipped
[0.329s] -- Detecting C compile features
[0.331s] -- Detecting C compile features - done
[0.337s] -- Detecting CXX compiler ABI info
[0.441s] -- Detecting CXX compiler ABI info - done
[0.455s] -- Check for working CXX compiler: /usr/bin/c++ - skipped
[0.456s] -- Detecting CXX compile features
[0.457s] -- Detecting CXX compile features - done
[0.482s] -- Found ament_cmake: 1.3.10 (/opt/ros/humble/share/ament_cmake/cmake)
[1.539s] -- Found Python3: /usr/bin/python3 (found version "3.10.12") found components: Interpreter 
[1.761s] -- Found rclcpp: 16.0.10 (/opt/ros/humble/share/rclcpp/cmake)
[1.890s] -- Found rosidl_generator_c: 3.1.5 (/opt/ros/humble/share/rosidl_generator_c/cmake)
[1.907s] -- Found rosidl_adapter: 3.1.5 (/opt/ros/humble/share/rosidl_adapter/cmake)
[1.930s] -- Found rosidl_generator_cpp: 3.1.5 (/opt/ros/humble/share/rosidl_generator_cpp/cmake)
[1.967s] -- Using all available rosidl_typesupport_c: rosidl_typesupport_fastrtps_c;rosidl_typesupport_introspection_c
[2.008s] -- Using all available rosidl_typesupport_cpp: rosidl_typesupport_fastrtps_cpp;rosidl_typesupport_introspection_cpp
[2.115s] -- Found rmw_implementation_cmake: 6.1.2 (/opt/ros/humble/share/rmw_implementation_cmake/cmake)
[2.123s] -- Found rmw_fastrtps_cpp: 6.2.7 (/opt/ros/humble/share/rmw_fastrtps_cpp/cmake)
[2.293s] -- Found OpenSSL: /usr/lib/x86_64-linux-gnu/libcrypto.so (found version "3.0.2")  
[2.331s] -- Found FastRTPS: /opt/ros/humble/include  
[2.387s] -- Using RMW implementation 'rmw_fastrtps_cpp' as default
[2.411s] -- Looking for pthread.h
[2.513s] -- Looking for pthread.h - found
[2.513s] -- Performing Test CMAKE_HAVE_LIBC_PTHREAD
[2.608s] -- Performing Test CMAKE_HAVE_LIBC_PTHREAD - Success
[2.611s] -- Found Threads: TRUE  
[2.720s] -- Found rclcpp_action: 16.0.10 (/opt/ros/humble/share/rclcpp_action/cmake)
[2.806s] -- Found sensor_msgs: 4.2.4 (/opt/ros/humble/share/sensor_msgs/cmake)
[2.867s] -- Found nav2_msgs: 1.1.16 (/opt/ros/humble/share/nav2_msgs/cmake)
[2.952s] -- Found tf2: 0.25.8 (/opt/ros/humble/share/tf2/cmake)
[2.979s] -- Found tf2_geometry_msgs: 0.25.8 (/opt/ros/humble/share/tf2_geometry_msgs/cmake)
[3.019s] -- Found eigen3_cmake_module: 0.1.1 (/opt/ros/humble/share/eigen3_cmake_module/cmake)
[3.021s] -- Found Eigen3: TRUE (found version "3.4.0") 
[3.021s] -- Ensuring Eigen3 include directory is part of orocos-kdl CMake target
[3.138s] -- Found cv_bridge: 3.2.1 (/opt/ros/humble/share/cv_bridge/cmake)
[3.179s] -- Found OpenCV: /usr (found version "4.5.4") 
[3.185s] -- Found ament_cmake_auto: 1.3.10 (/opt/ros/humble/share/ament_cmake_auto/cmake)
[3.366s] -- Found ament_lint_auto: 0.12.11 (/opt/ros/humble/share/ament_lint_auto/cmake)
[3.431s] -- Added test 'cppcheck' to perform static code analysis on C / C++ code
[3.431s] -- Configured cppcheck include dirs: /home/suguta/naka2_ws/src/tb3_behavior_tree/include
[3.432s] -- Configured cppcheck exclude dirs and/or files: 
[3.435s] -- Added test 'lint_cmake' to check CMake code style
[3.445s] -- Added test 'uncrustify' to check C / C++ code style
[3.446s] -- Configured uncrustify additional arguments: 
[3.448s] -- Added test 'xmllint' to check XML markup files
[3.451s] -- Configuring done
[3.471s] -- Generating done
[3.474s] -- Build files have been written to: /home/suguta/naka2_ws/src/tb3_behavior_tree/build/tb3_behavior_tree
[3.486s] Invoked command in '/home/suguta/naka2_ws/src/tb3_behavior_tree/build/tb3_behavior_tree' returned '0': CMAKE_PREFIX_PATH=${CMAKE_PREFIX_PATH}:/home/suguta/naka2_ws/src/oakd_chan/install/oakd_chan:/home/suguta/naka2_ws/install/yolov8_ros:/home/suguta/naka2_ws/install/ros2_realsense_yolo:/home/suguta/turtlebot3_ws/install/turtlebot3_teleop:/home/suguta/turtlebot3_ws/install/turtlebot3_example:/opt/ros/humble /usr/bin/cmake /home/suguta/naka2_ws/src/tb3_behavior_tree -DCMAKE_INSTALL_PREFIX=/home/suguta/naka2_ws/src/tb3_behavior_tree/install/tb3_behavior_tree
[3.489s] Invoking command in '/home/suguta/naka2_ws/src/tb3_behavior_tree/build/tb3_behavior_tree': CMAKE_PREFIX_PATH=${CMAKE_PREFIX_PATH}:/home/suguta/naka2_ws/src/oakd_chan/install/oakd_chan:/home/suguta/naka2_ws/install/yolov8_ros:/home/suguta/naka2_ws/install/ros2_realsense_yolo:/home/suguta/turtlebot3_ws/install/turtlebot3_teleop:/home/suguta/turtlebot3_ws/install/turtlebot3_example:/opt/ros/humble /usr/bin/cmake --build /home/suguta/naka2_ws/src/tb3_behavior_tree/build/tb3_behavior_tree -- -j8 -l8
[3.557s] [ 50%] [32mBuilding CXX object CMakeFiles/tb3_behavior_node.dir/src/tb3_behavior_node.cpp.o[0m
[27.186s] [100%] [32m[1mLinking CXX executable tb3_behavior_node[0m
[29.535s] [100%] Built target tb3_behavior_node
[29.550s] Invoked command in '/home/suguta/naka2_ws/src/tb3_behavior_tree/build/tb3_behavior_tree' returned '0': CMAKE_PREFIX_PATH=${CMAKE_PREFIX_PATH}:/home/suguta/naka2_ws/src/oakd_chan/install/oakd_chan:/home/suguta/naka2_ws/install/yolov8_ros:/home/suguta/naka2_ws/install/ros2_realsense_yolo:/home/suguta/turtlebot3_ws/install/turtlebot3_teleop:/home/suguta/turtlebot3_ws/install/turtlebot3_example:/opt/ros/humble /usr/bin/cmake --build /home/suguta/naka2_ws/src/tb3_behavior_tree/build/tb3_behavior_tree -- -j8 -l8
[29.595s] Invoking command in '/home/suguta/naka2_ws/src/tb3_behavior_tree/build/tb3_behavior_tree': CMAKE_PREFIX_PATH=${CMAKE_PREFIX_PATH}:/home/suguta/naka2_ws/src/oakd_chan/install/oakd_chan:/home/suguta/naka2_ws/install/yolov8_ros:/home/suguta/naka2_ws/install/ros2_realsense_yolo:/home/suguta/turtlebot3_ws/install/turtlebot3_teleop:/home/suguta/turtlebot3_ws/install/turtlebot3_example:/opt/ros/humble /usr/bin/cmake --install /home/suguta/naka2_ws/src/tb3_behavior_tree/build/tb3_behavior_tree
[29.604s] -- Install configuration: ""
[29.605s] -- Installing: /home/suguta/naka2_ws/src/tb3_behavior_tree/install/tb3_behavior_tree/lib/tb3_behavior_tree/tb3_behavior_node
[29.614s] -- Set runtime path of "/home/suguta/naka2_ws/src/tb3_behavior_tree/install/tb3_behavior_tree/lib/tb3_behavior_tree/tb3_behavior_node" to ""
[29.615s] -- Installing: /home/suguta/naka2_ws/src/tb3_behavior_tree/install/tb3_behavior_tree/share/tb3_behavior_tree/config
[29.615s] -- Installing: /home/suguta/naka2_ws/src/tb3_behavior_tree/install/tb3_behavior_tree/share/tb3_behavior_tree/config/parallel_root.xml
[29.615s] -- Installing: /home/suguta/naka2_ws/src/tb3_behavior_tree/install/tb3_behavior_tree/share/tb3_behavior_tree/config/test.xml
[29.616s] -- Installing: /home/suguta/naka2_ws/src/tb3_behavior_tree/install/tb3_behavior_tree/share/ament_index/resource_index/package_run_dependencies/tb3_behavior_tree
[29.616s] -- Installing: /home/suguta/naka2_ws/src/tb3_behavior_tree/install/tb3_behavior_tree/share/ament_index/resource_index/parent_prefix_path/tb3_behavior_tree
[29.619s] -- Installing: /home/suguta/naka2_ws/src/tb3_behavior_tree/install/tb3_behavior_tree/share/tb3_behavior_tree/environment/ament_prefix_path.sh
[29.620s] -- Installing: /home/suguta/naka2_ws/src/tb3_behavior_tree/install/tb3_behavior_tree/share/tb3_behavior_tree/environment/ament_prefix_path.dsv
[29.620s] -- Installing: /home/suguta/naka2_ws/src/tb3_behavior_tree/install/tb3_behavior_tree/share/tb3_behavior_tree/environment/path.sh
[29.621s] -- Installing: /home/suguta/naka2_ws/src/tb3_behavior_tree/install/tb3_behavior_tree/share/tb3_behavior_tree/environment/path.dsv
[29.621s] -- Installing: /home/suguta/naka2_ws/src/tb3_behavior_tree/install/tb3_behavior_tree/share/tb3_behavior_tree/local_setup.bash
[29.621s] -- Installing: /home/suguta/naka2_ws/src/tb3_behavior_tree/install/tb3_behavior_tree/share/tb3_behavior_tree/local_setup.sh
[29.621s] -- Installing: /home/suguta/naka2_ws/src/tb3_behavior_tree/install/tb3_behavior_tree/share/tb3_behavior_tree/local_setup.zsh
[29.622s] -- Installing: /home/suguta/naka2_ws/src/tb3_behavior_tree/install/tb3_behavior_tree/share/tb3_behavior_tree/local_setup.dsv
[29.622s] -- Installing: /home/suguta/naka2_ws/src/tb3_behavior_tree/install/tb3_behavior_tree/share/tb3_behavior_tree/package.dsv
[29.622s] -- Installing: /home/suguta/naka2_ws/src/tb3_behavior_tree/install/tb3_behavior_tree/share/ament_index/resource_index/packages/tb3_behavior_tree
[29.622s] -- Installing: /home/suguta/naka2_ws/src/tb3_behavior_tree/install/tb3_behavior_tree/share/tb3_behavior_tree/cmake/tb3_behavior_treeConfig.cmake
[29.623s] -- Installing: /home/suguta/naka2_ws/src/tb3_behavior_tree/install/tb3_behavior_tree/share/tb3_behavior_tree/cmake/tb3_behavior_treeConfig-version.cmake
[29.624s] -- Installing: /home/suguta/naka2_ws/src/tb3_behavior_tree/install/tb3_behavior_tree/share/tb3_behavior_tree/package.xml
[29.627s] Invoked command in '/home/suguta/naka2_ws/src/tb3_behavior_tree/build/tb3_behavior_tree' returned '0': CMAKE_PREFIX_PATH=${CMAKE_PREFIX_PATH}:/home/suguta/naka2_ws/src/oakd_chan/install/oakd_chan:/home/suguta/naka2_ws/install/yolov8_ros:/home/suguta/naka2_ws/install/ros2_realsense_yolo:/home/suguta/turtlebot3_ws/install/turtlebot3_teleop:/home/suguta/turtlebot3_ws/install/turtlebot3_example:/opt/ros/humble /usr/bin/cmake --install /home/suguta/naka2_ws/src/tb3_behavior_tree/build/tb3_behavior_tree
