[0.171s] [34mcolcon[0m [1;30mDEBUG[0m [32mCommand line arguments: ['/usr/bin/colcon', 'build'][0m
[0.171s] [34mcolcon[0m [1;30mDEBUG[0m [32mParsed command line arguments: Namespace(log_base=None, log_level=None, verb_name='build', build_base='build', install_base='install', merge_install=False, symlink_install=False, test_result_base=None, continue_on_error=False, executor='parallel', parallel_workers=8, event_handlers=None, ignore_user_meta=False, metas=['./colcon.meta'], base_paths=['.'], packages_ignore=None, packages_ignore_regex=None, paths=None, packages_up_to=None, packages_up_to_regex=None, packages_above=None, packages_above_and_dependencies=None, packages_above_depth=None, packages_select_by_dep=None, packages_skip_by_dep=None, packages_skip_up_to=None, packages_select_build_failed=False, packages_skip_build_finished=False, packages_select_test_failures=False, packages_skip_test_passed=False, packages_select=None, packages_skip=None, packages_select_regex=None, packages_skip_regex=None, packages_start=None, packages_end=None, allow_overriding=[], cmake_args=None, cmake_target=None, cmake_target_skip_unavailable=False, cmake_clean_cache=False, cmake_clean_first=False, cmake_force_configure=False, ament_cmake_args=None, catkin_cmake_args=None, catkin_skip_building_tests=False, verb_parser=<colcon_defaults.argument_parser.defaults.DefaultArgumentsDecorator object at 0x74c1f9511e40>, verb_extension=<colcon_core.verb.build.BuildVerb object at 0x74c1f9512530>, main=<bound method BuildVerb.main of <colcon_core.verb.build.BuildVerb object at 0x74c1f9512530>>)[0m
[0.580s] [34mcolcon.colcon_core.package_discovery[0m [1;30mLevel 1[0m discover_packages(colcon_meta) check parameters
[0.580s] [34mcolcon.colcon_core.package_discovery[0m [1;30mLevel 1[0m discover_packages(recursive) check parameters
[0.580s] [34mcolcon.colcon_core.package_discovery[0m [1;30mLevel 1[0m discover_packages(ignore) check parameters
[0.580s] [34mcolcon.colcon_core.package_discovery[0m [1;30mLevel 1[0m discover_packages(path) check parameters
[0.580s] [34mcolcon.colcon_core.package_discovery[0m [1;30mLevel 1[0m discover_packages(colcon_meta) discover
[0.580s] [34mcolcon.colcon_core.package_discovery[0m [1;30mLevel 1[0m discover_packages(recursive) discover
[0.580s] [34mcolcon.colcon_core.package_discovery[0m [1;30mINFO[0m Crawling recursively for packages in '/home/suguta/naka2_ws/src/tb3_behavior_tree'
[0.580s] [34mcolcon.colcon_core.package_identification[0m [1;30mLevel 1[0m _identify(.) by extensions ['ignore', 'ignore_ament_install']
[0.580s] [34mcolcon.colcon_core.package_identification[0m [1;30mLevel 1[0m _identify(.) by extension 'ignore'
[0.581s] [34mcolcon.colcon_core.package_identification[0m [1;30mLevel 1[0m _identify(.) by extension 'ignore_ament_install'
[0.581s] [34mcolcon.colcon_core.package_identification[0m [1;30mLevel 1[0m _identify(.) by extensions ['colcon_pkg']
[0.581s] [34mcolcon.colcon_core.package_identification[0m [1;30mLevel 1[0m _identify(.) by extension 'colcon_pkg'
[0.581s] [34mcolcon.colcon_core.package_identification[0m [1;30mLevel 1[0m _identify(.) by extensions ['colcon_meta']
[0.581s] [34mcolcon.colcon_core.package_identification[0m [1;30mLevel 1[0m _identify(.) by extension 'colcon_meta'
[0.581s] [34mcolcon.colcon_core.package_identification[0m [1;30mLevel 1[0m _identify(.) by extensions ['ros']
[0.581s] [34mcolcon.colcon_core.package_identification[0m [1;30mLevel 1[0m _identify(.) by extension 'ros'
[0.606s] [34mcolcon.colcon_core.package_identification[0m [1;30mDEBUG[0m [32mPackage '.' with type 'ros.ament_cmake' and name 'tb3_behavior_tree'[0m
[0.606s] [34mcolcon.colcon_core.package_discovery[0m [1;30mLevel 1[0m discover_packages(recursive) using defaults
[0.606s] [34mcolcon.colcon_core.package_discovery[0m [1;30mLevel 1[0m discover_packages(ignore) discover
[0.606s] [34mcolcon.colcon_core.package_discovery[0m [1;30mLevel 1[0m discover_packages(ignore) using defaults
[0.606s] [34mcolcon.colcon_core.package_discovery[0m [1;30mLevel 1[0m discover_packages(path) discover
[0.606s] [34mcolcon.colcon_core.package_discovery[0m [1;30mLevel 1[0m discover_packages(path) using defaults
[0.627s] [34mcolcon.colcon_core.package_discovery[0m [1;30mLevel 1[0m discover_packages(prefix_path) check parameters
[0.627s] [34mcolcon.colcon_core.package_discovery[0m [1;30mLevel 1[0m discover_packages(prefix_path) discover
[0.630s] [34mcolcon.colcon_installed_package_information.package_discovery[0m [1;30mDEBUG[0m [32mFound 8 installed packages in /home/suguta/naka2_ws/install[0m
[0.631s] [34mcolcon.colcon_installed_package_information.package_discovery[0m [1;30mDEBUG[0m [32mFound 15 installed packages in /home/suguta/turtlebot3_ws/install[0m
[0.632s] [34mcolcon.colcon_installed_package_information.package_discovery[0m [1;30mDEBUG[0m [32mFound 1 installed packages in /home/suguta/naka2_ws/src/oakd_chan/install[0m
[0.634s] [34mcolcon.colcon_installed_package_information.package_discovery[0m [1;30mDEBUG[0m [32mFound 381 installed packages in /opt/ros/humble[0m
[0.637s] [34mcolcon.colcon_core.package_discovery[0m [1;30mLevel 1[0m discover_packages(prefix_path) using defaults
[0.703s] [34mcolcon.colcon_core.verb[0m [1;30mLevel 5[0m set package 'tb3_behavior_tree' build argument 'cmake_args' from command line to 'None'
[0.703s] [34mcolcon.colcon_core.verb[0m [1;30mLevel 5[0m set package 'tb3_behavior_tree' build argument 'cmake_target' from command line to 'None'
[0.703s] [34mcolcon.colcon_core.verb[0m [1;30mLevel 5[0m set package 'tb3_behavior_tree' build argument 'cmake_target_skip_unavailable' from command line to 'False'
[0.703s] [34mcolcon.colcon_core.verb[0m [1;30mLevel 5[0m set package 'tb3_behavior_tree' build argument 'cmake_clean_cache' from command line to 'False'
[0.703s] [34mcolcon.colcon_core.verb[0m [1;30mLevel 5[0m set package 'tb3_behavior_tree' build argument 'cmake_clean_first' from command line to 'False'
[0.703s] [34mcolcon.colcon_core.verb[0m [1;30mLevel 5[0m set package 'tb3_behavior_tree' build argument 'cmake_force_configure' from command line to 'False'
[0.703s] [34mcolcon.colcon_core.verb[0m [1;30mLevel 5[0m set package 'tb3_behavior_tree' build argument 'ament_cmake_args' from command line to 'None'
[0.703s] [34mcolcon.colcon_core.verb[0m [1;30mLevel 5[0m set package 'tb3_behavior_tree' build argument 'catkin_cmake_args' from command line to 'None'
[0.703s] [34mcolcon.colcon_core.verb[0m [1;30mLevel 5[0m set package 'tb3_behavior_tree' build argument 'catkin_skip_building_tests' from command line to 'False'
[0.703s] [34mcolcon.colcon_core.verb[0m [1;30mDEBUG[0m [32mBuilding package 'tb3_behavior_tree' with the following arguments: {'ament_cmake_args': None, 'build_base': '/home/suguta/naka2_ws/src/tb3_behavior_tree/build/tb3_behavior_tree', 'catkin_cmake_args': None, 'catkin_skip_building_tests': False, 'cmake_args': None, 'cmake_clean_cache': False, 'cmake_clean_first': False, 'cmake_force_configure': False, 'cmake_target': None, 'cmake_target_skip_unavailable': False, 'install_base': '/home/suguta/naka2_ws/src/tb3_behavior_tree/install/tb3_behavior_tree', 'merge_install': False, 'path': '/home/suguta/naka2_ws/src/tb3_behavior_tree', 'symlink_install': False, 'test_result_base': None}[0m
[0.703s] [34mcolcon.colcon_core.executor[0m [1;30mINFO[0m Executing jobs using 'parallel' executor
[0.704s] [34mcolcon.colcon_parallel_executor.executor.parallel[0m [1;30mDEBUG[0m [32mrun_until_complete[0m
[0.705s] [34mcolcon.colcon_ros.task.ament_cmake.build[0m [1;30mINFO[0m Building ROS package in '/home/suguta/naka2_ws/src/tb3_behavior_tree' with build type 'ament_cmake'
[0.705s] [34mcolcon.colcon_cmake.task.cmake.build[0m [1;30mINFO[0m Building CMake package in '/home/suguta/naka2_ws/src/tb3_behavior_tree'
[0.709s] [34mcolcon.colcon_core.plugin_system[0m [1;30mINFO[0m Skipping extension 'colcon_core.shell.bat': Not used on non-Windows systems
[0.709s] [34mcolcon.colcon_core.shell[0m [1;30mINFO[0m Skip shell extension 'powershell' for command environment: Not usable outside of PowerShell
[0.709s] [34mcolcon.colcon_core.shell[0m [1;30mDEBUG[0m [32mSkip shell extension 'dsv' for command environment[0m
[0.721s] [34mcolcon.colcon_core.event_handler.log_command[0m [1;30mDEBUG[0m [32mInvoking command in '/home/suguta/naka2_ws/src/tb3_behavior_tree/build/tb3_behavior_tree': CMAKE_PREFIX_PATH=${CMAKE_PREFIX_PATH}:/home/suguta/naka2_ws/src/oakd_chan/install/oakd_chan:/home/suguta/naka2_ws/install/yolov8_ros:/home/suguta/naka2_ws/install/ros2_realsense_yolo:/home/suguta/turtlebot3_ws/install/turtlebot3_teleop:/home/suguta/turtlebot3_ws/install/turtlebot3_example:/opt/ros/humble /usr/bin/cmake /home/suguta/naka2_ws/src/tb3_behavior_tree -DCMAKE_INSTALL_PREFIX=/home/suguta/naka2_ws/src/tb3_behavior_tree/install/tb3_behavior_tree[0m
[4.191s] [34mcolcon.colcon_core.event_handler.log_command[0m [1;30mDEBUG[0m [32mInvoked command in '/home/suguta/naka2_ws/src/tb3_behavior_tree/build/tb3_behavior_tree' returned '0': CMAKE_PREFIX_PATH=${CMAKE_PREFIX_PATH}:/home/suguta/naka2_ws/src/oakd_chan/install/oakd_chan:/home/suguta/naka2_ws/install/yolov8_ros:/home/suguta/naka2_ws/install/ros2_realsense_yolo:/home/suguta/turtlebot3_ws/install/turtlebot3_teleop:/home/suguta/turtlebot3_ws/install/turtlebot3_example:/opt/ros/humble /usr/bin/cmake /home/suguta/naka2_ws/src/tb3_behavior_tree -DCMAKE_INSTALL_PREFIX=/home/suguta/naka2_ws/src/tb3_behavior_tree/install/tb3_behavior_tree[0m
[4.195s] [34mcolcon.colcon_core.event_handler.log_command[0m [1;30mDEBUG[0m [32mInvoking command in '/home/suguta/naka2_ws/src/tb3_behavior_tree/build/tb3_behavior_tree': CMAKE_PREFIX_PATH=${CMAKE_PREFIX_PATH}:/home/suguta/naka2_ws/src/oakd_chan/install/oakd_chan:/home/suguta/naka2_ws/install/yolov8_ros:/home/suguta/naka2_ws/install/ros2_realsense_yolo:/home/suguta/turtlebot3_ws/install/turtlebot3_teleop:/home/suguta/turtlebot3_ws/install/turtlebot3_example:/opt/ros/humble /usr/bin/cmake --build /home/suguta/naka2_ws/src/tb3_behavior_tree/build/tb3_behavior_tree -- -j8 -l8[0m
[30.256s] [34mcolcon.colcon_core.event_handler.log_command[0m [1;30mDEBUG[0m [32mInvoked command in '/home/suguta/naka2_ws/src/tb3_behavior_tree/build/tb3_behavior_tree' returned '0': CMAKE_PREFIX_PATH=${CMAKE_PREFIX_PATH}:/home/suguta/naka2_ws/src/oakd_chan/install/oakd_chan:/home/suguta/naka2_ws/install/yolov8_ros:/home/suguta/naka2_ws/install/ros2_realsense_yolo:/home/suguta/turtlebot3_ws/install/turtlebot3_teleop:/home/suguta/turtlebot3_ws/install/turtlebot3_example:/opt/ros/humble /usr/bin/cmake --build /home/suguta/naka2_ws/src/tb3_behavior_tree/build/tb3_behavior_tree -- -j8 -l8[0m
[30.301s] [34mcolcon.colcon_core.event_handler.log_command[0m [1;30mDEBUG[0m [32mInvoking command in '/home/suguta/naka2_ws/src/tb3_behavior_tree/build/tb3_behavior_tree': CMAKE_PREFIX_PATH=${CMAKE_PREFIX_PATH}:/home/suguta/naka2_ws/src/oakd_chan/install/oakd_chan:/home/suguta/naka2_ws/install/yolov8_ros:/home/suguta/naka2_ws/install/ros2_realsense_yolo:/home/suguta/turtlebot3_ws/install/turtlebot3_teleop:/home/suguta/turtlebot3_ws/install/turtlebot3_example:/opt/ros/humble /usr/bin/cmake --install /home/suguta/naka2_ws/src/tb3_behavior_tree/build/tb3_behavior_tree[0m
[30.332s] [34mcolcon.colcon_core.environment[0m [1;30mLevel 1[0m create_environment_scripts_only(tb3_behavior_tree)
[30.333s] [34mcolcon.colcon_core.event_handler.log_command[0m [1;30mDEBUG[0m [32mInvoked command in '/home/suguta/naka2_ws/src/tb3_behavior_tree/build/tb3_behavior_tree' returned '0': CMAKE_PREFIX_PATH=${CMAKE_PREFIX_PATH}:/home/suguta/naka2_ws/src/oakd_chan/install/oakd_chan:/home/suguta/naka2_ws/install/yolov8_ros:/home/suguta/naka2_ws/install/ros2_realsense_yolo:/home/suguta/turtlebot3_ws/install/turtlebot3_teleop:/home/suguta/turtlebot3_ws/install/turtlebot3_example:/opt/ros/humble /usr/bin/cmake --install /home/suguta/naka2_ws/src/tb3_behavior_tree/build/tb3_behavior_tree[0m
[30.349s] [34mcolcon.colcon_core.environment[0m [1;30mLevel 1[0m checking '/home/suguta/naka2_ws/src/tb3_behavior_tree/install/tb3_behavior_tree' for CMake module files
[30.350s] [34mcolcon.colcon_core.environment[0m [1;30mLevel 1[0m checking '/home/suguta/naka2_ws/src/tb3_behavior_tree/install/tb3_behavior_tree' for CMake config files
[30.350s] [34mcolcon.colcon_core.shell[0m [1;30mLevel 1[0m create_environment_hook('tb3_behavior_tree', 'cmake_prefix_path')
[30.351s] [34mcolcon.colcon_core.shell[0m [1;30mINFO[0m Creating environment hook '/home/suguta/naka2_ws/src/tb3_behavior_tree/install/tb3_behavior_tree/share/tb3_behavior_tree/hook/cmake_prefix_path.ps1'
[30.352s] [34mcolcon.colcon_core.shell[0m [1;30mINFO[0m Creating environment descriptor '/home/suguta/naka2_ws/src/tb3_behavior_tree/install/tb3_behavior_tree/share/tb3_behavior_tree/hook/cmake_prefix_path.dsv'
[30.354s] [34mcolcon.colcon_core.shell[0m [1;30mINFO[0m Creating environment hook '/home/suguta/naka2_ws/src/tb3_behavior_tree/install/tb3_behavior_tree/share/tb3_behavior_tree/hook/cmake_prefix_path.sh'
[30.356s] [34mcolcon.colcon_core.environment[0m [1;30mLevel 1[0m checking '/home/suguta/naka2_ws/src/tb3_behavior_tree/install/tb3_behavior_tree/lib'
[30.357s] [34mcolcon.colcon_core.environment[0m [1;30mLevel 1[0m checking '/home/suguta/naka2_ws/src/tb3_behavior_tree/install/tb3_behavior_tree/bin'
[30.357s] [34mcolcon.colcon_core.environment[0m [1;30mLevel 1[0m checking '/home/suguta/naka2_ws/src/tb3_behavior_tree/install/tb3_behavior_tree/lib/pkgconfig/tb3_behavior_tree.pc'
[30.358s] [34mcolcon.colcon_core.environment[0m [1;30mLevel 1[0m checking '/home/suguta/naka2_ws/src/tb3_behavior_tree/install/tb3_behavior_tree/lib/python3.10/site-packages'
[30.358s] [34mcolcon.colcon_core.environment[0m [1;30mLevel 1[0m checking '/home/suguta/naka2_ws/src/tb3_behavior_tree/install/tb3_behavior_tree/bin'
[30.359s] [34mcolcon.colcon_core.shell[0m [1;30mINFO[0m Creating package script '/home/suguta/naka2_ws/src/tb3_behavior_tree/install/tb3_behavior_tree/share/tb3_behavior_tree/package.ps1'
[30.361s] [34mcolcon.colcon_core.shell[0m [1;30mINFO[0m Creating package descriptor '/home/suguta/naka2_ws/src/tb3_behavior_tree/install/tb3_behavior_tree/share/tb3_behavior_tree/package.dsv'
[30.363s] [34mcolcon.colcon_core.shell[0m [1;30mINFO[0m Creating package script '/home/suguta/naka2_ws/src/tb3_behavior_tree/install/tb3_behavior_tree/share/tb3_behavior_tree/package.sh'
[30.365s] [34mcolcon.colcon_core.shell[0m [1;30mINFO[0m Creating package script '/home/suguta/naka2_ws/src/tb3_behavior_tree/install/tb3_behavior_tree/share/tb3_behavior_tree/package.bash'
[30.367s] [34mcolcon.colcon_core.shell[0m [1;30mINFO[0m Creating package script '/home/suguta/naka2_ws/src/tb3_behavior_tree/install/tb3_behavior_tree/share/tb3_behavior_tree/package.zsh'
[30.369s] [34mcolcon.colcon_core.environment[0m [1;30mLevel 1[0m create_file_with_runtime_dependencies(/home/suguta/naka2_ws/src/tb3_behavior_tree/install/tb3_behavior_tree/share/colcon-core/packages/tb3_behavior_tree)
[30.408s] [34mcolcon.colcon_core.environment[0m [1;30mLevel 1[0m create_environment_scripts_only(tb3_behavior_tree)
[30.409s] [34mcolcon.colcon_core.environment[0m [1;30mLevel 1[0m checking '/home/suguta/naka2_ws/src/tb3_behavior_tree/install/tb3_behavior_tree' for CMake module files
[30.409s] [34mcolcon.colcon_core.environment[0m [1;30mLevel 1[0m checking '/home/suguta/naka2_ws/src/tb3_behavior_tree/install/tb3_behavior_tree' for CMake config files
[30.410s] [34mcolcon.colcon_core.shell[0m [1;30mLevel 1[0m create_environment_hook('tb3_behavior_tree', 'cmake_prefix_path')
[30.410s] [34mcolcon.colcon_core.shell[0m [1;30mINFO[0m Creating environment hook '/home/suguta/naka2_ws/src/tb3_behavior_tree/install/tb3_behavior_tree/share/tb3_behavior_tree/hook/cmake_prefix_path.ps1'
[30.411s] [34mcolcon.colcon_core.shell[0m [1;30mINFO[0m Creating environment descriptor '/home/suguta/naka2_ws/src/tb3_behavior_tree/install/tb3_behavior_tree/share/tb3_behavior_tree/hook/cmake_prefix_path.dsv'
[30.411s] [34mcolcon.colcon_core.shell[0m [1;30mINFO[0m Creating environment hook '/home/suguta/naka2_ws/src/tb3_behavior_tree/install/tb3_behavior_tree/share/tb3_behavior_tree/hook/cmake_prefix_path.sh'
[30.412s] [34mcolcon.colcon_core.environment[0m [1;30mLevel 1[0m checking '/home/suguta/naka2_ws/src/tb3_behavior_tree/install/tb3_behavior_tree/lib'
[30.412s] [34mcolcon.colcon_core.environment[0m [1;30mLevel 1[0m checking '/home/suguta/naka2_ws/src/tb3_behavior_tree/install/tb3_behavior_tree/bin'
[30.412s] [34mcolcon.colcon_core.environment[0m [1;30mLevel 1[0m checking '/home/suguta/naka2_ws/src/tb3_behavior_tree/install/tb3_behavior_tree/lib/pkgconfig/tb3_behavior_tree.pc'
[30.413s] [34mcolcon.colcon_core.environment[0m [1;30mLevel 1[0m checking '/home/suguta/naka2_ws/src/tb3_behavior_tree/install/tb3_behavior_tree/lib/python3.10/site-packages'
[30.413s] [34mcolcon.colcon_core.environment[0m [1;30mLevel 1[0m checking '/home/suguta/naka2_ws/src/tb3_behavior_tree/install/tb3_behavior_tree/bin'
[30.413s] [34mcolcon.colcon_core.shell[0m [1;30mINFO[0m Creating package script '/home/suguta/naka2_ws/src/tb3_behavior_tree/install/tb3_behavior_tree/share/tb3_behavior_tree/package.ps1'
[30.414s] [34mcolcon.colcon_core.shell[0m [1;30mINFO[0m Creating package descriptor '/home/suguta/naka2_ws/src/tb3_behavior_tree/install/tb3_behavior_tree/share/tb3_behavior_tree/package.dsv'
[30.415s] [34mcolcon.colcon_core.shell[0m [1;30mINFO[0m Creating package script '/home/suguta/naka2_ws/src/tb3_behavior_tree/install/tb3_behavior_tree/share/tb3_behavior_tree/package.sh'
[30.415s] [34mcolcon.colcon_core.shell[0m [1;30mINFO[0m Creating package script '/home/suguta/naka2_ws/src/tb3_behavior_tree/install/tb3_behavior_tree/share/tb3_behavior_tree/package.bash'
[30.416s] [34mcolcon.colcon_core.shell[0m [1;30mINFO[0m Creating package script '/home/suguta/naka2_ws/src/tb3_behavior_tree/install/tb3_behavior_tree/share/tb3_behavior_tree/package.zsh'
[30.417s] [34mcolcon.colcon_core.environment[0m [1;30mLevel 1[0m create_file_with_runtime_dependencies(/home/suguta/naka2_ws/src/tb3_behavior_tree/install/tb3_behavior_tree/share/colcon-core/packages/tb3_behavior_tree)
[30.417s] [34mcolcon.colcon_parallel_executor.executor.parallel[0m [1;30mDEBUG[0m [32mclosing loop[0m
[30.418s] [34mcolcon.colcon_parallel_executor.executor.parallel[0m [1;30mDEBUG[0m [32mloop closed[0m
[30.418s] [34mcolcon.colcon_parallel_executor.executor.parallel[0m [1;30mDEBUG[0m [32mrun_until_complete finished with '0'[0m
[30.418s] [34mcolcon.colcon_core.event_reactor[0m [1;30mDEBUG[0m [32mjoining thread[0m
[30.439s] [34mcolcon.colcon_core.plugin_system[0m [1;30mINFO[0m Skipping extension 'colcon_notification.desktop_notification.terminal_notifier': Not used on non-Darwin systems
[30.439s] [34mcolcon.colcon_core.plugin_system[0m [1;30mINFO[0m Skipping extension 'colcon_notification.desktop_notification.win32': Not used on non-Windows systems
[30.439s] [34mcolcon.colcon_notification.desktop_notification[0m [1;30mINFO[0m Sending desktop notification using 'notify2'
[30.473s] [34mcolcon.colcon_core.event_reactor[0m [1;30mDEBUG[0m [32mjoined thread[0m
[30.474s] [34mcolcon.colcon_core.shell[0m [1;30mINFO[0m Creating prefix script '/home/suguta/naka2_ws/src/tb3_behavior_tree/install/local_setup.ps1'
[30.475s] [34mcolcon.colcon_core.shell[0m [1;30mINFO[0m Creating prefix util module '/home/suguta/naka2_ws/src/tb3_behavior_tree/install/_local_setup_util_ps1.py'
[30.477s] [34mcolcon.colcon_core.shell[0m [1;30mINFO[0m Creating prefix chain script '/home/suguta/naka2_ws/src/tb3_behavior_tree/install/setup.ps1'
[30.490s] [34mcolcon.colcon_core.shell[0m [1;30mINFO[0m Creating prefix script '/home/suguta/naka2_ws/src/tb3_behavior_tree/install/local_setup.sh'
[30.491s] [34mcolcon.colcon_core.shell[0m [1;30mINFO[0m Creating prefix util module '/home/suguta/naka2_ws/src/tb3_behavior_tree/install/_local_setup_util_sh.py'
[30.492s] [34mcolcon.colcon_core.shell[0m [1;30mINFO[0m Creating prefix chain script '/home/suguta/naka2_ws/src/tb3_behavior_tree/install/setup.sh'
[30.494s] [34mcolcon.colcon_core.shell[0m [1;30mINFO[0m Creating prefix script '/home/suguta/naka2_ws/src/tb3_behavior_tree/install/local_setup.bash'
[30.495s] [34mcolcon.colcon_core.shell[0m [1;30mINFO[0m Creating prefix chain script '/home/suguta/naka2_ws/src/tb3_behavior_tree/install/setup.bash'
[30.498s] [34mcolcon.colcon_core.shell[0m [1;30mINFO[0m Creating prefix script '/home/suguta/naka2_ws/src/tb3_behavior_tree/install/local_setup.zsh'
[30.499s] [34mcolcon.colcon_core.shell[0m [1;30mINFO[0m Creating prefix chain script '/home/suguta/naka2_ws/src/tb3_behavior_tree/install/setup.zsh'
